<?xml version="1.0" encoding="UTF-8"?>
<testsuite xmlns:xsi="http://www.w3.org/2001/XMLSchema-instance" xsi:noNamespaceSchemaLocation="https://maven.apache.org/surefire/maven-surefire-plugin/xsd/surefire-test-report-3.0.xsd" version="3.0" name="TestSuite" time="147.204" tests="3" errors="0" skipped="0" failures="0">
  <properties>
[...]
</properties>
  <testcase name="registerNewUser_P" classname="TestCases.TC01_Registration" time="12.071">
    <system-err><![CDATA[SLF4J: No SLF4J providers were found.
SLF4J: Defaulting to no-operation (NOP) logger implementation
SLF4J: See https://www.slf4j.org/codes.html#noProviders for further details.
Starting ChromeDriver 117.0.5938.149 (e3344ddefa12e60436fa28c81cf207c1afb4d0a9-refs/branch-heads/5938@{#1539}) on port 37405
Only local connections are allowed.
Please see https://chromedriver.chromium.org/security-considerations for suggestions on keeping ChromeDriver safe.
ChromeDriver was started successfully.
Oct 12, 2023 8:49:48 PM org.openqa.selenium.remote.ProtocolHandshake createSession
INFO: Detected dialect: W3C
]]></system-err>
  </testcase>
  <testcase name="registerNewUser_P" classname="TestCases.TC01_Registration" time="9.688">
    <system-err><![CDATA[Starting Microsoft Edge WebDriver 117.0.2045.60 (a31cef5dc4c1f66dc0bb957c3250ba527e99b945) on port 42293
To submit feedback, report a bug, or suggest new features, please visit https://github.com/MicrosoftEdge/EdgeWebDriver

Only local connections are allowed.
Please see https://aka.ms/WebDriverSecurity for suggestions on keeping Microsoft Edge WebDriver safe.

Microsoft Edge WebDriver was started successfully.
Oct 12, 2023 8:50:22 PM org.openqa.selenium.remote.ProtocolHandshake createSession
INFO: Detected dialect: W3C
[1697136632.839][SEVERE]: handshake failed; returned -1, SSL error code 1, net_error -101
[1697136633.153][SEVERE]: handshake failed; returned -1, SSL error code 1, net_error -101
]]></system-err>
  </testcase>
  <testcase name="registerNewUser_P" classname="TestCases.TC01_Registration" time="10.806">
    <system-err><![CDATA[1697136667293	geckodriver	INFO	Listening on 127.0.0.1:15486
1697136667661	mozrunner::runner	INFO	Running command: "C:\\Program Files\\Mozilla Firefox\\firefox.exe" "--marionette" "-no-remote" "-profile" "C:\\Users\\Menna\\AppData\\Local\\Temp\\rust_mozprofileWH5Dxz"
console.warn: services.settings: Ignoring preference override of remote settings server
console.warn: services.settings: Allow by setting MOZ_REMOTE_SETTINGS_DEVTOOLS=1 in the environment
1697136671341	Marionette	INFO	Marionette enabled
Dynamically enable window occlusion 0
1697136671358	Marionette	INFO	Listening on port 54169
Read port: 54169
Read port: 54169
Read port: 54169
1697136674537	RemoteAgent	WARN	TLS certificate errors will be ignored for this session
console.warn: SearchSettings: "get: No settings file exists, new profile?" (new NotFoundError("Could not open the file at C:\\Users\\Menna\\AppData\\Local\\Temp\\rust_mozprofileWH5Dxz\\search.json.mozlz4", (void 0)))
Oct 12, 2023 8:51:18 PM org.openqa.selenium.remote.ProtocolHandshake createSession
INFO: Detected dialect: W3C
console.warn: LoginRecipes: "Falling back to a synchronous message for: https://tutorialsninja.com."
console.warn: LoginRecipes: "Falling back to a synchronous message for: https://tutorialsninja.com."
]]></system-err>
  </testcase>
</testsuite>